DEPRECATION WARNING: config.action_view.debug_rjs will be removed in 3.1, from 3.1 onwards you will need to install prototype-rails to continue to use RJS templates . (called from service at /home/rizn/.rvm/rubies/ruby-1.9.2-p290/lib/ruby/1.9.1/webrick/httpserver.rb:111)


Started GET "/rails/info/properties" for 192.168.8.250 at 2011-11-24 11:34:16 +0800
  Processing by Rails::InfoController#properties as 
  [1m[36mSQL (2.0ms)[0m  [1m SELECT name
 FROM sqlite_master
 WHERE type = 'table' AND NOT name = 'sqlite_sequence'
[0m
Rendered inline template (0.6ms)
Completed 200 OK in 68ms (Views: 1.7ms | ActiveRecord: 2.0ms)
DEPRECATION WARNING: config.action_view.debug_rjs will be removed in 3.1, from 3.1 onwards you will need to install prototype-rails to continue to use RJS templates . (called from service at /home/rizn/.rvm/rubies/ruby-1.9.2-p290/lib/ruby/1.9.1/webrick/httpserver.rb:111)


Started GET "/rails/info/properties" for 192.168.8.250 at 2011-11-24 11:49:58 +0800
  Processing by Rails::InfoController#properties as 
  [1m[36mSQL (18.6ms)[0m  [1m SELECT name
 FROM sqlite_master
 WHERE type = 'table' AND NOT name = 'sqlite_sequence'
[0m
Rendered inline template (1.1ms)
Completed 200 OK in 91ms (Views: 2.2ms | ActiveRecord: 18.6ms)
DEPRECATION WARNING: config.action_view.debug_rjs will be removed in 3.1, from 3.1 onwards you will need to install prototype-rails to continue to use RJS templates . (called from service at /home/rizn/.rvm/rubies/ruby-1.9.2-p290/lib/ruby/1.9.1/webrick/httpserver.rb:111)


Started GET "/rails/info/properties" for 192.168.8.250 at 2011-11-24 13:13:54 +0800
  Processing by Rails::InfoController#properties as 
  [1m[36mSQL (22.7ms)[0m  [1m SELECT name
 FROM sqlite_master
 WHERE type = 'table' AND NOT name = 'sqlite_sequence'
[0m
Rendered inline template (0.6ms)
Completed 200 OK in 71ms (Views: 1.7ms | ActiveRecord: 22.7ms)
DEPRECATION WARNING: config.action_view.debug_rjs will be removed in 3.1, from 3.1 onwards you will need to install prototype-rails to continue to use RJS templates . (called from service at /home/rizn/.rvm/rubies/ruby-1.9.2-p290/lib/ruby/1.9.1/webrick/httpserver.rb:111)


Started GET "/" for 192.168.8.250 at 2011-11-24 13:24:01 +0800
  Processing by PagesController#welcome as HTML
Completed 500 Internal Server Error in 32ms

ActionView::MissingTemplate (Missing template pages/welcome with {:handlers=>[:erb, :rjs, :builder, :rhtml, :rxml], :formats=>[:html], :locale=>[:en, :en]} in view paths "/home/rizn/rails/forum/app/views"):
  

Rendered /home/rizn/.rvm/gems/ruby-1.9.2-p290/gems/actionpack-3.0.10/lib/action_dispatch/middleware/templates/rescues/missing_template.erb within rescues/layout (1.6ms)


Started GET "/" for 192.168.8.250 at 2011-11-24 13:25:22 +0800
  Processing by PagesController#welcome as HTML
Rendered pages/welcome.html.erb within layouts/application (4.7ms)
Completed 200 OK in 10ms (Views: 9.8ms | ActiveRecord: 0.0ms)
  [1m[36mSQL (0.6ms)[0m  [1m SELECT name
 FROM sqlite_master
 WHERE type = 'table' AND NOT name = 'sqlite_sequence'
[0m
  [1m[35mSQL (0.1ms)[0m  select sqlite_version(*)
  [1m[36mSQL (334.5ms)[0m  [1mCREATE TABLE "schema_migrations" ("version" varchar(255) NOT NULL) [0m
  [1m[35mSQL (0.1ms)[0m  PRAGMA index_list("schema_migrations")
  [1m[36mSQL (249.1ms)[0m  [1mCREATE UNIQUE INDEX "unique_schema_migrations" ON "schema_migrations" ("version")[0m
  [1m[35mSQL (0.3ms)[0m   SELECT name
 FROM sqlite_master
 WHERE type = 'table' AND NOT name = 'sqlite_sequence'
  [1m[36mSQL (0.2ms)[0m  [1m SELECT name
 FROM sqlite_master
 WHERE type = 'table' AND NOT name = 'sqlite_sequence'
[0m
  [1m[35mSQL (0.2ms)[0m  SELECT "schema_migrations"."version" FROM "schema_migrations"
Migrating to CreateBoards (20111124053247)
  [1m[36mSQL (0.6ms)[0m  [1mCREATE TABLE "boards" ("id" INTEGER PRIMARY KEY AUTOINCREMENT NOT NULL, "name" varchar(255), "created_at" datetime, "updated_at" datetime) [0m
  [1m[35mSQL (0.1ms)[0m  INSERT INTO "schema_migrations" ("version") VALUES ('20111124053247')
Migrating to CreatePosts (20111124053329)
  [1m[36mSQL (0.5ms)[0m  [1mCREATE TABLE "posts" ("id" INTEGER PRIMARY KEY AUTOINCREMENT NOT NULL, "title" varchar(255), "content" text, "created_at" datetime, "updated_at" datetime) [0m
  [1m[35mSQL (0.1ms)[0m  INSERT INTO "schema_migrations" ("version") VALUES ('20111124053329')
  [1m[36mSQL (0.4ms)[0m  [1mselect sqlite_version(*)[0m
  [1m[35mSQL (0.2ms)[0m   SELECT name
 FROM sqlite_master
 WHERE type = 'table' AND NOT name = 'sqlite_sequence'
  [1m[36mSQL (0.1ms)[0m  [1mSELECT "schema_migrations"."version" FROM "schema_migrations"[0m
  [1m[35mSQL (0.1ms)[0m   SELECT name
 FROM sqlite_master
 WHERE type = 'table' AND NOT name = 'sqlite_sequence'
  [1m[36mSQL (0.0ms)[0m  [1mPRAGMA index_list("boards")[0m
  [1m[35mSQL (0.1ms)[0m  PRAGMA index_list("posts")


Started GET "/boards" for 192.168.8.250 at 2011-11-24 13:34:58 +0800
  Processing by BoardsController#index as HTML
  [1m[36mBoard Load (0.9ms)[0m  [1mSELECT "boards".* FROM "boards"[0m
Rendered boards/index.html.erb within layouts/application (4.2ms)
Completed 200 OK in 110ms (Views: 8.5ms | ActiveRecord: 0.9ms)


Started GET "/posts" for 192.168.8.250 at 2011-11-24 13:35:08 +0800
  Processing by PostsController#index as HTML
  [1m[35mPost Load (0.5ms)[0m  SELECT "posts".* FROM "posts"
Rendered posts/index.html.erb within layouts/application (3.4ms)
Completed 200 OK in 11ms (Views: 7.7ms | ActiveRecord: 0.5ms)


Started GET "/posts/new" for 192.168.8.250 at 2011-11-24 13:36:09 +0800
  Processing by PostsController#new as HTML
Rendered posts/_form.html.erb (21.1ms)
Rendered posts/new.html.erb within layouts/application (25.2ms)
Completed 200 OK in 35ms (Views: 29.0ms | ActiveRecord: 0.0ms)


Started GET "/boards/new" for 192.168.8.250 at 2011-11-24 13:51:13 +0800
  Processing by BoardsController#new as HTML
Rendered boards/_form.html.erb (8.7ms)
Rendered boards/new.html.erb within layouts/application (13.1ms)
Completed 200 OK in 53ms (Views: 18.1ms | ActiveRecord: 0.0ms)


Started GET "/posts" for 192.168.8.250 at 2011-11-24 13:51:31 +0800
  Processing by PostsController#index as HTML
  [1m[36mPost Load (0.5ms)[0m  [1mSELECT "posts".* FROM "posts"[0m
Rendered posts/index.html.erb within layouts/application (3.9ms)
Completed 200 OK in 12ms (Views: 8.4ms | ActiveRecord: 0.5ms)


Started GET "/posts/new" for 192.168.8.250 at 2011-11-24 13:51:44 +0800
  Processing by PostsController#new as HTML
Rendered posts/_form.html.erb (10.2ms)
Rendered posts/new.html.erb within layouts/application (14.3ms)
Completed 200 OK in 23ms (Views: 18.7ms | ActiveRecord: 0.0ms)


Started GET "/posts" for 192.168.8.250 at 2011-11-24 13:51:48 +0800
  Processing by PostsController#index as HTML
  [1m[35mPost Load (0.4ms)[0m  SELECT "posts".* FROM "posts"
Rendered posts/index.html.erb within layouts/application (2.9ms)
Completed 200 OK in 11ms (Views: 7.6ms | ActiveRecord: 0.4ms)


Started GET "/boards" for 192.168.8.250 at 2011-11-24 13:52:05 +0800
  Processing by BoardsController#index as HTML
  [1m[36mBoard Load (0.3ms)[0m  [1mSELECT "boards".* FROM "boards"[0m
Rendered boards/index.html.erb within layouts/application (3.9ms)
Completed 200 OK in 11ms (Views: 7.7ms | ActiveRecord: 0.3ms)
  [1m[36mSQL (0.7ms)[0m  [1m SELECT name
 FROM sqlite_master
 WHERE type = 'table' AND NOT name = 'sqlite_sequence'
[0m
  [1m[35mSQL (0.2ms)[0m   SELECT name
 FROM sqlite_master
 WHERE type = 'table' AND NOT name = 'sqlite_sequence'
  [1m[36mSQL (0.2ms)[0m  [1mSELECT "schema_migrations"."version" FROM "schema_migrations"[0m
Migrating to CreateBoards (20111124053247)
Migrating to CreatePosts (20111124053329)
Migrating to AddBordIdToPost (20111124060250)
  [1m[35mSQL (0.0ms)[0m  select sqlite_version(*)
  [1m[36mSQL (0.5ms)[0m  [1m SELECT name
 FROM sqlite_master
 WHERE type = 'table' AND NOT name = 'sqlite_sequence'
[0m
  [1m[35mSQL (0.5ms)[0m   SELECT name
 FROM sqlite_master
 WHERE type = 'table' AND NOT name = 'sqlite_sequence'
  [1m[36mSQL (0.2ms)[0m  [1mSELECT "schema_migrations"."version" FROM "schema_migrations"[0m
Migrating to CreateBoards (20111124053247)
Migrating to CreatePosts (20111124053329)
Migrating to AddBordIdToPost (20111124060250)
  [1m[35mSQL (0.1ms)[0m  select sqlite_version(*)
  [1m[36mSQL (0.5ms)[0m  [1mALTER TABLE "posts" ADD "bord_id" integer[0m
  [1m[35mSQL (0.1ms)[0m  INSERT INTO "schema_migrations" ("version") VALUES ('20111124060250')
  [1m[36mSQL (0.4ms)[0m  [1mselect sqlite_version(*)[0m
  [1m[35mSQL (0.2ms)[0m   SELECT name
 FROM sqlite_master
 WHERE type = 'table' AND NOT name = 'sqlite_sequence'
  [1m[36mSQL (0.5ms)[0m  [1mSELECT "schema_migrations"."version" FROM "schema_migrations"[0m
  [1m[35mSQL (0.2ms)[0m   SELECT name
 FROM sqlite_master
 WHERE type = 'table' AND NOT name = 'sqlite_sequence'
  [1m[36mSQL (0.1ms)[0m  [1mPRAGMA index_list("boards")[0m
  [1m[35mSQL (0.0ms)[0m  PRAGMA index_list("posts")


Started GET "/boards" for 192.168.8.250 at 2011-11-24 14:12:36 +0800
  Processing by BoardsController#index as HTML
  [1m[35mBoard Load (0.5ms)[0m  SELECT "boards".* FROM "boards"
Rendered boards/index.html.erb within layouts/application (3.2ms)
Completed 200 OK in 11ms (Views: 6.9ms | ActiveRecord: 0.5ms)


Started GET "/boards/new" for 192.168.8.250 at 2011-11-24 14:12:39 +0800
  Processing by BoardsController#new as HTML
Rendered boards/_form.html.erb (8.3ms)
Rendered boards/new.html.erb within layouts/application (11.9ms)
Completed 200 OK in 21ms (Views: 16.4ms | ActiveRecord: 0.0ms)


Started POST "/boards" for 192.168.8.250 at 2011-11-24 14:12:44 +0800
  Processing by BoardsController#create as HTML
  Parameters: {"utf8"=>"✓", "authenticity_token"=>"WGTvlevmtGqOVQ1429/4itu2vwK5PAUsKK3v4SZXiPs=", "board"=>{"name"=>"1"}, "commit"=>"Create Board"}
  [1m[36mSQL (0.2ms)[0m  [1m SELECT name
 FROM sqlite_master
 WHERE type = 'table' AND NOT name = 'sqlite_sequence'
[0m
  [1m[35mAREL (0.5ms)[0m  INSERT INTO "boards" ("name", "created_at", "updated_at") VALUES ('1', '2011-11-24 06:12:44.805698', '2011-11-24 06:12:44.805698')
Redirected to http://192.168.8.251:3000/boards/1
Completed 302 Found in 278ms


Started GET "/boards/1" for 192.168.8.250 at 2011-11-24 14:12:45 +0800
  Processing by BoardsController#show as HTML
  Parameters: {"id"=>"1"}
  [1m[36mBoard Load (0.2ms)[0m  [1mSELECT "boards".* FROM "boards" WHERE "boards"."id" = 1 LIMIT 1[0m
Rendered boards/show.html.erb within layouts/application (11.4ms)
Completed 200 OK in 22ms (Views: 15.4ms | ActiveRecord: 0.2ms)


Started GET "/boards" for 192.168.8.250 at 2011-11-24 14:12:50 +0800
  Processing by BoardsController#index as HTML
  [1m[35mBoard Load (0.5ms)[0m  SELECT "boards".* FROM "boards"
Rendered boards/index.html.erb within layouts/application (11.7ms)
Completed 200 OK in 20ms (Views: 16.2ms | ActiveRecord: 0.5ms)


Started GET "/boards/new" for 192.168.8.250 at 2011-11-24 14:12:57 +0800
  Processing by BoardsController#new as HTML
Rendered boards/_form.html.erb (8.4ms)
Rendered boards/new.html.erb within layouts/application (12.5ms)
Completed 200 OK in 22ms (Views: 17.0ms | ActiveRecord: 0.0ms)


Started POST "/boards" for 192.168.8.250 at 2011-11-24 14:13:04 +0800
  Processing by BoardsController#create as HTML
  Parameters: {"utf8"=>"✓", "authenticity_token"=>"WGTvlevmtGqOVQ1429/4itu2vwK5PAUsKK3v4SZXiPs=", "board"=>{"name"=>"abc"}, "commit"=>"Create Board"}
  [1m[36mAREL (0.4ms)[0m  [1mINSERT INTO "boards" ("name", "created_at", "updated_at") VALUES ('abc', '2011-11-24 06:13:04.237534', '2011-11-24 06:13:04.237534')[0m
Redirected to http://192.168.8.251:3000/boards/2
Completed 302 Found in 273ms


Started GET "/boards/2" for 192.168.8.250 at 2011-11-24 14:13:04 +0800
  Processing by BoardsController#show as HTML
  Parameters: {"id"=>"2"}
  [1m[35mBoard Load (0.2ms)[0m  SELECT "boards".* FROM "boards" WHERE "boards"."id" = 2 LIMIT 1
Rendered boards/show.html.erb within layouts/application (10.5ms)
Completed 200 OK in 20ms (Views: 14.3ms | ActiveRecord: 1.0ms)


Started GET "/boards/2/edit" for 192.168.8.250 at 2011-11-24 14:13:07 +0800
  Processing by BoardsController#edit as HTML
  Parameters: {"id"=>"2"}
  [1m[36mBoard Load (0.2ms)[0m  [1mSELECT "boards".* FROM "boards" WHERE "boards"."id" = 2 LIMIT 1[0m
Rendered boards/_form.html.erb (11.5ms)
Rendered boards/edit.html.erb within layouts/application (15.7ms)
Completed 200 OK in 26ms (Views: 19.9ms | ActiveRecord: 0.2ms)


Started GET "/boards" for 192.168.8.250 at 2011-11-24 14:13:08 +0800
  Processing by BoardsController#index as HTML
  [1m[35mBoard Load (0.5ms)[0m  SELECT "boards".* FROM "boards"
Rendered boards/index.html.erb within layouts/application (46.3ms)
Completed 200 OK in 55ms (Views: 50.8ms | ActiveRecord: 0.5ms)


Started GET "/boards/1" for 192.168.8.250 at 2011-11-24 14:13:45 +0800
  Processing by BoardsController#show as HTML
  Parameters: {"id"=>"1"}
  [1m[36mBoard Load (0.2ms)[0m  [1mSELECT "boards".* FROM "boards" WHERE "boards"."id" = 1 LIMIT 1[0m
Rendered boards/show.html.erb within layouts/application (9.7ms)
Completed 200 OK in 21ms (Views: 14.4ms | ActiveRecord: 0.2ms)


Started GET "/boards" for 192.168.8.250 at 2011-11-24 14:13:51 +0800
  Processing by BoardsController#index as HTML
  [1m[35mBoard Load (0.5ms)[0m  SELECT "boards".* FROM "boards"
Rendered boards/index.html.erb within layouts/application (13.4ms)
Completed 200 OK in 21ms (Views: 17.6ms | ActiveRecord: 0.5ms)


Started GET "/boards/1" for 192.168.8.250 at 2011-11-24 14:14:20 +0800
  Processing by BoardsController#show as HTML
  Parameters: {"id"=>"1"}
  [1m[36mBoard Load (0.2ms)[0m  [1mSELECT "boards".* FROM "boards" WHERE "boards"."id" = 1 LIMIT 1[0m
Rendered boards/show.html.erb within layouts/application (9.3ms)
Completed 200 OK in 20ms (Views: 14.3ms | ActiveRecord: 0.2ms)


Started GET "/boards" for 192.168.8.250 at 2011-11-24 14:14:25 +0800
  Processing by BoardsController#index as HTML
  [1m[35mBoard Load (0.5ms)[0m  SELECT "boards".* FROM "boards"
Rendered boards/index.html.erb within layouts/application (46.1ms)
Completed 200 OK in 55ms (Views: 51.0ms | ActiveRecord: 0.5ms)


Started GET "/posts" for 192.168.8.250 at 2011-11-24 14:14:45 +0800
  Processing by PostsController#index as HTML
  [1m[36mPost Load (0.5ms)[0m  [1mSELECT "posts".* FROM "posts"[0m
Rendered posts/index.html.erb within layouts/application (3.7ms)
Completed 200 OK in 11ms (Views: 7.5ms | ActiveRecord: 0.5ms)


Started GET "/posts/new" for 192.168.8.250 at 2011-11-24 14:14:47 +0800
  Processing by PostsController#new as HTML
Rendered posts/_form.html.erb (11.1ms)
Rendered posts/new.html.erb within layouts/application (14.6ms)
Completed 200 OK in 25ms (Views: 19.1ms | ActiveRecord: 0.0ms)


Started POST "/posts" for 192.168.8.250 at 2011-11-24 14:15:01 +0800
  Processing by PostsController#create as HTML
  Parameters: {"utf8"=>"✓", "authenticity_token"=>"WGTvlevmtGqOVQ1429/4itu2vwK5PAUsKK3v4SZXiPs=", "post"=>{"title"=>"123", "content"=>"qqqq"}, "commit"=>"Create Post"}
  [1m[35mAREL (0.4ms)[0m  INSERT INTO "posts" ("title", "content", "created_at", "updated_at", "bord_id") VALUES ('123', 'qqqq', '2011-11-24 06:15:01.209195', '2011-11-24 06:15:01.209195', NULL)
Redirected to http://192.168.8.251:3000/posts/1
Completed 302 Found in 285ms


Started GET "/posts/1" for 192.168.8.250 at 2011-11-24 14:15:01 +0800
  Processing by PostsController#show as HTML
  Parameters: {"id"=>"1"}
  [1m[36mPost Load (0.4ms)[0m  [1mSELECT "posts".* FROM "posts" WHERE "posts"."id" = 1 LIMIT 1[0m
Rendered posts/show.html.erb within layouts/application (14.0ms)
Completed 200 OK in 26ms (Views: 18.3ms | ActiveRecord: 0.4ms)


Started GET "/posts" for 192.168.8.250 at 2011-11-24 14:15:04 +0800
  Processing by PostsController#index as HTML
  [1m[35mPost Load (0.7ms)[0m  SELECT "posts".* FROM "posts"
Rendered posts/index.html.erb within layouts/application (15.4ms)
Completed 200 OK in 24ms (Views: 19.9ms | ActiveRecord: 0.7ms)


Started GET "/boards/1" for 192.168.8.250 at 2011-11-24 14:15:17 +0800
  Processing by BoardsController#show as HTML
  Parameters: {"id"=>"1"}
  [1m[36mBoard Load (0.2ms)[0m  [1mSELECT "boards".* FROM "boards" WHERE "boards"."id" = 1 LIMIT 1[0m
Rendered boards/show.html.erb within layouts/application (10.0ms)
Completed 200 OK in 20ms (Views: 14.0ms | ActiveRecord: 0.2ms)


Started GET "/boards/1/posts/new" for 192.168.8.250 at 2011-11-24 14:16:00 +0800

ActionController::RoutingError (No route matches "/boards/1/posts/new"):
  

Rendered /home/rizn/.rvm/gems/ruby-1.9.2-p290/gems/actionpack-3.0.10/lib/action_dispatch/middleware/templates/rescues/routing_error.erb within rescues/layout (1.3ms)


Started GET "/boards/1/posts/" for 192.168.8.250 at 2011-11-24 14:16:13 +0800

ActionController::RoutingError (No route matches "/boards/1/posts"):
  

Rendered /home/rizn/.rvm/gems/ruby-1.9.2-p290/gems/actionpack-3.0.10/lib/action_dispatch/middleware/templates/rescues/routing_error.erb within rescues/layout (1.2ms)


Started GET "/boards/" for 192.168.8.250 at 2011-11-24 14:16:19 +0800
  Processing by BoardsController#index as HTML
  [1m[35mBoard Load (0.5ms)[0m  SELECT "boards".* FROM "boards"
Rendered boards/index.html.erb within layouts/application (12.9ms)
Completed 200 OK in 53ms (Views: 17.5ms | ActiveRecord: 0.5ms)


Started GET "/boards/" for 192.168.8.250 at 2011-11-24 16:25:00 +0800
  Processing by BoardsController#index as HTML
  [1m[36mBoard Load (0.5ms)[0m  [1mSELECT "boards".* FROM "boards"[0m
Rendered boards/index.html.erb within layouts/application (12.8ms)
Completed 200 OK in 21ms (Views: 16.4ms | ActiveRecord: 0.5ms)


Started GET "/boards/" for 192.168.8.250 at 2011-11-24 16:25:05 +0800
  Processing by BoardsController#index as HTML
  [1m[35mBoard Load (0.6ms)[0m  SELECT "boards".* FROM "boards"
Rendered boards/index.html.erb within layouts/application (14.2ms)
Completed 200 OK in 23ms (Views: 18.2ms | ActiveRecord: 0.6ms)


Started GET "/boards/new" for 192.168.8.250 at 2011-11-24 16:25:10 +0800
  Processing by BoardsController#new as HTML
Rendered boards/_form.html.erb (8.5ms)
Rendered boards/new.html.erb within layouts/application (12.4ms)
Completed 200 OK in 23ms (Views: 17.2ms | ActiveRecord: 0.0ms)


Started POST "/boards" for 192.168.8.250 at 2011-11-24 16:25:15 +0800
  Processing by BoardsController#create as HTML
  Parameters: {"utf8"=>"✓", "authenticity_token"=>"WGTvlevmtGqOVQ1429/4itu2vwK5PAUsKK3v4SZXiPs=", "board"=>{"name"=>"555"}, "commit"=>"Create Board"}
  [1m[36mAREL (0.3ms)[0m  [1mINSERT INTO "boards" ("name", "created_at", "updated_at") VALUES ('555', '2011-11-24 08:25:15.063113', '2011-11-24 08:25:15.063113')[0m
Redirected to http://192.168.8.251:3000/boards/3
Completed 302 Found in 302ms


Started GET "/boards/3" for 192.168.8.250 at 2011-11-24 16:25:15 +0800
  Processing by BoardsController#show as HTML
  Parameters: {"id"=>"3"}
  [1m[35mBoard Load (3.6ms)[0m  SELECT "boards".* FROM "boards" WHERE "boards"."id" = 3 LIMIT 1
  [1m[36mPost Load (0.6ms)[0m  [1mSELECT "posts".* FROM "posts"[0m
Rendered boards/show.html.erb within layouts/application (22.6ms)
Completed 200 OK in 76ms (Views: 27.1ms | ActiveRecord: 4.1ms)


Started GET "/boards/3/posts/1" for 192.168.8.250 at 2011-11-24 16:25:28 +0800

SyntaxError (/home/rizn/rails/forum/app/controllers/posts_controller.rb:66: syntax error, unexpected keyword_else, expecting ')'
/home/rizn/rails/forum/app/controllers/posts_controller.rb:69: syntax error, unexpected keyword_end, expecting '}'
/home/rizn/rails/forum/app/controllers/posts_controller.rb:85: syntax error, unexpected keyword_end, expecting '}'):
  

Rendered /home/rizn/.rvm/gems/ruby-1.9.2-p290/gems/actionpack-3.0.10/lib/action_dispatch/middleware/templates/rescues/_trace.erb (1.9ms)
Rendered /home/rizn/.rvm/gems/ruby-1.9.2-p290/gems/actionpack-3.0.10/lib/action_dispatch/middleware/templates/rescues/_request_and_response.erb (2.8ms)
Rendered /home/rizn/.rvm/gems/ruby-1.9.2-p290/gems/actionpack-3.0.10/lib/action_dispatch/middleware/templates/rescues/diagnostics.erb within rescues/layout (11.7ms)


Started GET "/boards/3/posts/1" for 192.168.8.250 at 2011-11-24 16:27:11 +0800

SyntaxError (/home/rizn/rails/forum/app/controllers/posts_controller.rb:65: syntax error, unexpected tIDENTIFIER, expecting ')'
        format.xml  { head :ok }
              ^
/home/rizn/rails/forum/app/controllers/posts_controller.rb:66: syntax error, unexpected keyword_else, expecting '}'
/home/rizn/rails/forum/app/controllers/posts_controller.rb:69: syntax error, unexpected keyword_end, expecting '}'
/home/rizn/rails/forum/app/controllers/posts_controller.rb:85: syntax error, unexpected keyword_end, expecting '}'):
  

Rendered /home/rizn/.rvm/gems/ruby-1.9.2-p290/gems/actionpack-3.0.10/lib/action_dispatch/middleware/templates/rescues/_trace.erb (1.8ms)
Rendered /home/rizn/.rvm/gems/ruby-1.9.2-p290/gems/actionpack-3.0.10/lib/action_dispatch/middleware/templates/rescues/_request_and_response.erb (2.7ms)
Rendered /home/rizn/.rvm/gems/ruby-1.9.2-p290/gems/actionpack-3.0.10/lib/action_dispatch/middleware/templates/rescues/diagnostics.erb within rescues/layout (9.0ms)


Started GET "/boards/3/posts/1" for 192.168.8.250 at 2011-11-24 16:27:12 +0800

SyntaxError (/home/rizn/rails/forum/app/controllers/posts_controller.rb:65: syntax error, unexpected tIDENTIFIER, expecting ')'
        format.xml  { head :ok }
              ^
/home/rizn/rails/forum/app/controllers/posts_controller.rb:66: syntax error, unexpected keyword_else, expecting '}'
/home/rizn/rails/forum/app/controllers/posts_controller.rb:69: syntax error, unexpected keyword_end, expecting '}'
/home/rizn/rails/forum/app/controllers/posts_controller.rb:85: syntax error, unexpected keyword_end, expecting '}'):
  

Rendered /home/rizn/.rvm/gems/ruby-1.9.2-p290/gems/actionpack-3.0.10/lib/action_dispatch/middleware/templates/rescues/_trace.erb (2.2ms)
Rendered /home/rizn/.rvm/gems/ruby-1.9.2-p290/gems/actionpack-3.0.10/lib/action_dispatch/middleware/templates/rescues/_request_and_response.erb (1.7ms)
Rendered /home/rizn/.rvm/gems/ruby-1.9.2-p290/gems/actionpack-3.0.10/lib/action_dispatch/middleware/templates/rescues/diagnostics.erb within rescues/layout (7.9ms)


Started GET "/boards/3/posts/1" for 192.168.8.250 at 2011-11-24 16:33:10 +0800
  Processing by PostsController#show as HTML
  Parameters: {"board_id"=>"3", "id"=>"1"}
  [1m[35mBoard Load (0.2ms)[0m  SELECT "boards".* FROM "boards" WHERE "boards"."id" = 3 LIMIT 1
Completed 500 Internal Server Error in 12ms

NoMethodError (undefined method `posts' for #<Board:0xa510964>):
  app/controllers/posts_controller.rb:13:in `show'

Rendered /home/rizn/.rvm/gems/ruby-1.9.2-p290/gems/actionpack-3.0.10/lib/action_dispatch/middleware/templates/rescues/_trace.erb (1.6ms)
Rendered /home/rizn/.rvm/gems/ruby-1.9.2-p290/gems/actionpack-3.0.10/lib/action_dispatch/middleware/templates/rescues/_request_and_response.erb (3.7ms)
Rendered /home/rizn/.rvm/gems/ruby-1.9.2-p290/gems/actionpack-3.0.10/lib/action_dispatch/middleware/templates/rescues/diagnostics.erb within rescues/layout (10.4ms)


Started GET "/boards/3/posts/1" for 192.168.8.250 at 2011-11-24 16:40:28 +0800
  Processing by PostsController#show as HTML
  Parameters: {"board_id"=>"3", "id"=>"1"}
  [1m[36mBoard Load (0.2ms)[0m  [1mSELECT "boards".* FROM "boards" WHERE "boards"."id" = 3 LIMIT 1[0m
Completed 500 Internal Server Error in 13ms

NoMethodError (undefined method `posts' for #<Board:0xb11285c>):
  app/controllers/posts_controller.rb:13:in `show'

Rendered /home/rizn/.rvm/gems/ruby-1.9.2-p290/gems/actionpack-3.0.10/lib/action_dispatch/middleware/templates/rescues/_trace.erb (2.4ms)
Rendered /home/rizn/.rvm/gems/ruby-1.9.2-p290/gems/actionpack-3.0.10/lib/action_dispatch/middleware/templates/rescues/_request_and_response.erb (3.9ms)
Rendered /home/rizn/.rvm/gems/ruby-1.9.2-p290/gems/actionpack-3.0.10/lib/action_dispatch/middleware/templates/rescues/diagnostics.erb within rescues/layout (10.4ms)


Started GET "/boards/" for 192.168.8.250 at 2011-11-24 16:43:36 +0800
  Processing by BoardsController#index as HTML
  [1m[35mBoard Load (0.5ms)[0m  SELECT "boards".* FROM "boards"
Rendered boards/index.html.erb within layouts/application (14.5ms)
Completed 200 OK in 23ms (Views: 19.1ms | ActiveRecord: 0.5ms)


Started POST "/boards/1" for 192.168.8.250 at 2011-11-24 16:43:40 +0800
  Processing by BoardsController#destroy as HTML
  Parameters: {"authenticity_token"=>"WGTvlevmtGqOVQ1429/4itu2vwK5PAUsKK3v4SZXiPs=", "id"=>"1"}
  [1m[36mBoard Load (0.2ms)[0m  [1mSELECT "boards".* FROM "boards" WHERE "boards"."id" = 1 LIMIT 1[0m
  [1m[35mAREL (0.3ms)[0m  DELETE FROM "boards" WHERE "boards"."id" = 1
Redirected to http://192.168.8.251:3000/boards
Completed 302 Found in 253ms


Started GET "/boards" for 192.168.8.250 at 2011-11-24 16:43:41 +0800
  Processing by BoardsController#index as HTML
  [1m[36mBoard Load (0.6ms)[0m  [1mSELECT "boards".* FROM "boards"[0m
Rendered boards/index.html.erb within layouts/application (19.6ms)
Completed 200 OK in 64ms (Views: 60.7ms | ActiveRecord: 0.6ms)


Started POST "/boards/2" for 192.168.8.250 at 2011-11-24 16:43:43 +0800
  Processing by BoardsController#destroy as HTML
  Parameters: {"authenticity_token"=>"WGTvlevmtGqOVQ1429/4itu2vwK5PAUsKK3v4SZXiPs=", "id"=>"2"}
  [1m[35mBoard Load (0.2ms)[0m  SELECT "boards".* FROM "boards" WHERE "boards"."id" = 2 LIMIT 1
  [1m[36mAREL (0.4ms)[0m  [1mDELETE FROM "boards" WHERE "boards"."id" = 2[0m
Redirected to http://192.168.8.251:3000/boards
Completed 302 Found in 344ms


Started GET "/boards" for 192.168.8.250 at 2011-11-24 16:43:44 +0800
  Processing by BoardsController#index as HTML
  [1m[35mBoard Load (0.7ms)[0m  SELECT "boards".* FROM "boards"
Rendered boards/index.html.erb within layouts/application (13.7ms)
Completed 200 OK in 22ms (Views: 18.1ms | ActiveRecord: 1.2ms)


Started POST "/boards/3" for 192.168.8.250 at 2011-11-24 16:43:46 +0800
  Processing by BoardsController#destroy as HTML
  Parameters: {"authenticity_token"=>"WGTvlevmtGqOVQ1429/4itu2vwK5PAUsKK3v4SZXiPs=", "id"=>"3"}
  [1m[36mBoard Load (0.2ms)[0m  [1mSELECT "boards".* FROM "boards" WHERE "boards"."id" = 3 LIMIT 1[0m
  [1m[35mAREL (0.3ms)[0m  DELETE FROM "boards" WHERE "boards"."id" = 3
Redirected to http://192.168.8.251:3000/boards
Completed 302 Found in 536ms


Started GET "/boards" for 192.168.8.250 at 2011-11-24 16:43:46 +0800
  Processing by BoardsController#index as HTML
  [1m[36mBoard Load (0.5ms)[0m  [1mSELECT "boards".* FROM "boards"[0m
Rendered boards/index.html.erb within layouts/application (3.2ms)
Completed 200 OK in 11ms (Views: 7.9ms | ActiveRecord: 1.1ms)


Started GET "/boards/new" for 192.168.8.250 at 2011-11-24 16:56:59 +0800
  Processing by BoardsController#new as HTML
Rendered boards/_form.html.erb (8.0ms)
Rendered boards/new.html.erb within layouts/application (12.3ms)
Completed 200 OK in 21ms (Views: 15.7ms | ActiveRecord: 0.0ms)


Started POST "/boards" for 192.168.8.250 at 2011-11-24 16:57:07 +0800
  Processing by BoardsController#create as HTML
  Parameters: {"utf8"=>"✓", "authenticity_token"=>"WGTvlevmtGqOVQ1429/4itu2vwK5PAUsKK3v4SZXiPs=", "board"=>{"name"=>"abc"}, "commit"=>"Create Board"}
  [1m[35mAREL (0.4ms)[0m  INSERT INTO "boards" ("name", "created_at", "updated_at") VALUES ('abc', '2011-11-24 08:57:07.997500', '2011-11-24 08:57:07.997500')
Redirected to http://192.168.8.251:3000/boards/4
Completed 302 Found in 252ms


Started GET "/boards/4" for 192.168.8.250 at 2011-11-24 16:57:08 +0800
  Processing by BoardsController#show as HTML
  Parameters: {"id"=>"4"}
  [1m[36mBoard Load (0.2ms)[0m  [1mSELECT "boards".* FROM "boards" WHERE "boards"."id" = 4 LIMIT 1[0m
  [1m[35mPost Load (0.3ms)[0m  SELECT "posts".* FROM "posts"
Rendered boards/show.html.erb within layouts/application (55.5ms)
Completed 200 OK in 70ms (Views: 60.3ms | ActiveRecord: 0.5ms)


Started POST "/boards/4/posts/1" for 192.168.8.250 at 2011-11-24 16:57:29 +0800
  Processing by PostsController#destroy as HTML
  Parameters: {"authenticity_token"=>"WGTvlevmtGqOVQ1429/4itu2vwK5PAUsKK3v4SZXiPs=", "board_id"=>"4", "id"=>"1"}
  [1m[36mBoard Load (0.2ms)[0m  [1mSELECT "boards".* FROM "boards" WHERE "boards"."id" = 4 LIMIT 1[0m
Completed 500 Internal Server Error in 13ms

NoMethodError (undefined method `posts' for #<Board:0xaf8bd44>):
  app/controllers/posts_controller.rb:77:in `destroy'

Rendered /home/rizn/.rvm/gems/ruby-1.9.2-p290/gems/actionpack-3.0.10/lib/action_dispatch/middleware/templates/rescues/_trace.erb (1.6ms)
Rendered /home/rizn/.rvm/gems/ruby-1.9.2-p290/gems/actionpack-3.0.10/lib/action_dispatch/middleware/templates/rescues/_request_and_response.erb (4.7ms)
Rendered /home/rizn/.rvm/gems/ruby-1.9.2-p290/gems/actionpack-3.0.10/lib/action_dispatch/middleware/templates/rescues/diagnostics.erb within rescues/layout (11.7ms)


Started POST "/boards/4/posts/1" for 192.168.8.250 at 2011-11-24 16:57:48 +0800
  Processing by PostsController#destroy as HTML
  Parameters: {"authenticity_token"=>"WGTvlevmtGqOVQ1429/4itu2vwK5PAUsKK3v4SZXiPs=", "board_id"=>"4", "id"=>"1"}
  [1m[35mBoard Load (0.5ms)[0m  SELECT "boards".* FROM "boards" WHERE "boards"."id" = 4 LIMIT 1
Completed 500 Internal Server Error in 16ms

NoMethodError (undefined method `posts' for #<Board:0xaa0ad20>):
  app/controllers/posts_controller.rb:77:in `destroy'

Rendered /home/rizn/.rvm/gems/ruby-1.9.2-p290/gems/actionpack-3.0.10/lib/action_dispatch/middleware/templates/rescues/_trace.erb (1.9ms)
Rendered /home/rizn/.rvm/gems/ruby-1.9.2-p290/gems/actionpack-3.0.10/lib/action_dispatch/middleware/templates/rescues/_request_and_response.erb (4.5ms)
Rendered /home/rizn/.rvm/gems/ruby-1.9.2-p290/gems/actionpack-3.0.10/lib/action_dispatch/middleware/templates/rescues/diagnostics.erb within rescues/layout (11.5ms)
