

Started GET "/" for 192.168.12.112 at 2011-11-25 10:34:19 +0800
  Processing by PagesController#welcome as HTML
Rendered pages/welcome.html.erb within layouts/application (15.0ms)
Completed 200 OK in 31ms (Views: 30.5ms | ActiveRecord: 0.0ms)


Started GET "/boards/" for 192.168.12.112 at 2011-11-25 10:34:30 +0800
  Processing by BoardsController#index as HTML
Completed 500 Internal Server Error in 143ms

ActiveRecord::StatementInvalid (SQLite3::SQLException: no such table: boards: SELECT "boards".* FROM "boards"):
  app/controllers/boards_controller.rb:5:in `index'



Started GET "/posts/" for 192.168.12.112 at 2011-11-25 10:34:37 +0800

ActionController::RoutingError (No route matches "/posts"):
  



Started GET "/" for 192.168.12.112 at 2011-11-25 10:34:42 +0800
  Processing by PagesController#welcome as HTML
Rendered pages/welcome.html.erb within layouts/application (1.8ms)
Completed 200 OK in 3ms (Views: 2.5ms | ActiveRecord: 0.6ms)


Started GET "/" for 192.168.8.250 at 2011-11-25 10:36:32 +0800
  Processing by PagesController#welcome as HTML
Rendered pages/welcome.html.erb within layouts/application (1.3ms)
Completed 200 OK in 2ms (Views: 1.9ms | ActiveRecord: 0.0ms)


Started GET "/boards" for 192.168.8.250 at 2011-11-25 10:37:53 +0800
  Processing by BoardsController#index as HTML
Completed 500 Internal Server Error in 1ms

ActiveRecord::StatementInvalid (SQLite3::SQLException: no such table: boards: SELECT "boards".* FROM "boards"):
  app/controllers/boards_controller.rb:5:in `index'



Started GET "/boards" for 192.168.8.250 at 2011-11-25 10:38:59 +0800
  Processing by BoardsController#index as HTML
Completed 500 Internal Server Error in 2ms

ActiveRecord::StatementInvalid (SQLite3::SQLException: no such table: boards: SELECT "boards".* FROM "boards"):
  app/controllers/boards_controller.rb:5:in `index'



Started GET "/boards" for 192.168.8.250 at 2011-11-25 10:43:59 +0800
  Processing by BoardsController#index as HTML
Completed 500 Internal Server Error in 1ms

ActiveRecord::StatementInvalid (SQLite3::SQLException: no such table: boards: SELECT "boards".* FROM "boards"):
  app/controllers/boards_controller.rb:5:in `index'



Started GET "/boards" for 192.168.8.250 at 2011-11-25 10:46:35 +0800
  Processing by BoardsController#index as HTML
Completed 500 Internal Server Error in 1ms

ActiveRecord::StatementInvalid (SQLite3::SQLException: no such table: boards: SELECT "boards".* FROM "boards"):
  app/controllers/boards_controller.rb:5:in `index'



Started GET "/" for 192.168.8.250 at 2011-11-25 10:46:39 +0800
  Processing by PagesController#welcome as HTML
Rendered pages/welcome.html.erb within layouts/application (1.7ms)
Completed 200 OK in 2ms (Views: 2.1ms | ActiveRecord: 1.5ms)


Started GET "/" for 192.168.8.250 at 2011-11-25 10:51:49 +0800
  Processing by PagesController#welcome as HTML
Rendered pages/welcome.html.erb within layouts/application (3.7ms)
Completed 200 OK in 11ms (Views: 10.2ms | ActiveRecord: 0.0ms)


Started GET "/" for 192.168.8.250 at 2011-11-25 15:09:04 +0800
  Processing by BoardsController#index as HTML
Rendered common/_user_nav.erb (1.7ms)
Rendered boards/index.html.erb within layouts/application (11.1ms)
Completed 200 OK in 173ms (Views: 36.9ms | ActiveRecord: 19.1ms)
